<?xml version="1.0" encoding="UTF-8"?>
<testng-results skipped="0" failed="0" total="1" passed="1">
  <reporter-output>
  </reporter-output>
  <suite name="Default suite" duration-ms="34875" started-at="2021-03-29T14:26:51Z" finished-at="2021-03-29T14:27:26Z">
    <groups>
    </groups>
    <test name="Default test" duration-ms="34875" started-at="2021-03-29T14:26:51Z" finished-at="2021-03-29T14:27:26Z">
      <class name="test.Test1_GoogleSearch">
        <test-method status="PASS" signature="googleSearch()[pri:0, instance:test.Test1_GoogleSearch@1bce4f0a]" name="googleSearch" duration-ms="34851" started-at="2021-03-29T19:56:51Z" finished-at="2021-03-29T19:57:26Z">
          <reporter-output>
          </reporter-output>
        </test-method> <!-- googleSearch -->
      </class> <!-- test.Test1_GoogleSearch -->
    </test> <!-- Default test -->
  </suite> <!-- Default suite -->
</testng-results>
